<?xml version="1.0" encoding="UTF-8"?>
<testsuite name="JUnit Jupiter" tests="5" skipped="0" failures="0" errors="0" time="0.064" hostname="KLVL-WXX9" timestamp="2021-12-22T21:50:58">
<properties>
[...]
</properties>
<testcase name="multiplicaPolinomios1()" classname="ed.algebra.PolinomioTest" time="0.004">
<system-out><![CDATA[
unique-id: [engine:junit-jupiter]/[class:ed.algebra.PolinomioTest]/[method:multiplicaPolinomios1()]
display-name: multiplicaPolinomios1()
]]></system-out>
</testcase>
<testcase name="sumaPolinomios2()" classname="ed.algebra.PolinomioTest" time="0">
<system-out><![CDATA[
unique-id: [engine:junit-jupiter]/[class:ed.algebra.PolinomioTest]/[method:sumaPolinomios2()]
display-name: sumaPolinomios2()
]]></system-out>
</testcase>
<testcase name="sumaMonomios()" classname="ed.algebra.MonomioTest" time="0.024">
<system-out><![CDATA[
unique-id: [engine:junit-jupiter]/[class:ed.algebra.MonomioTest]/[method:sumaMonomios()]
display-name: sumaMonomios()
]]></system-out>
</testcase>
<testcase name="multiplicaPolinomios2()" classname="ed.algebra.PolinomioTest" time="0.001">
<system-out><![CDATA[
unique-id: [engine:junit-jupiter]/[class:ed.algebra.PolinomioTest]/[method:multiplicaPolinomios2()]
display-name: multiplicaPolinomios2()
]]></system-out>
</testcase>
<testcase name="sumaPolinomios1()" classname="ed.algebra.PolinomioTest" time="0.001">
<system-out><![CDATA[
unique-id: [engine:junit-jupiter]/[class:ed.algebra.PolinomioTest]/[method:sumaPolinomios1()]
display-name: sumaPolinomios1()
]]></system-out>
</testcase>
<system-out><![CDATA[
unique-id: [engine:junit-jupiter]
display-name: JUnit Jupiter
]]></system-out>
</testsuite>
