<?xml version="1.0" ?><testsuite name="ed.algebra.PolinomioTest" time="0.014" timestamp="2021-12-23T03:50:58" tests="4" failures="0" skipped="0" aborted="0"><properties>
[...]
</properties><testcase classname="ed.algebra.PolinomioTest" name="multiplicaPolinomios1()" time="0.005"></testcase><testcase classname="ed.algebra.PolinomioTest" name="sumaPolinomios2()" time="0.001"></testcase><testcase classname="ed.algebra.PolinomioTest" name="multiplicaPolinomios2()" time="0.001"></testcase><testcase classname="ed.algebra.PolinomioTest" name="sumaPolinomios1()" time="0.001"></testcase><system-out>Multiplicación 1:
1.0 + 2.0x + 3.0x^2 + 4.0x^3
+
5.0x^2 + 6.0x^3 + 7.0x^4 + 8.0x^8 + 9.0x^11
=
5.0x^2 + 16.0x^3 + 34.0x^4 + 52.0x^5 + 45.0x^6 + 28.0x^7 + 8.0x^8 + 16.0x^9 + 24.0x^10 + 41.0x^11 + 18.0x^12 + 27.0x^13 + 36.0x^14
Multiplicación 2:
5.0x -1.0x^2
+
-1.0 + 1.0x
=
-5.0x + 6.0x^2 -1.0x^3
Suma 1:
1.0 + 2.0x + 3.0x^2 + 4.0x^3
+
5.0x^2 + 6.0x^3 + 7.0x^4 + 8.0x^8 + 9.0x^11
=
1.0 + 2.0x + 8.0x^2 + 10.0x^3 + 7.0x^4 + 8.0x^8 + 9.0x^11
Suma 2:
5.0x -1.0x^2
+
-1.0 + 1.0x
=
-1.0 + 6.0x -1.0x^2
</system-out></testsuite>