<?xml version="1.0" encoding="UTF-8" ?>
<testsuites>
  <testsuite aborted="0" failures="0" id="0" name="MonomioTest" package="ed.algebra" skipped="0" tests="1" time="0.099" timestamp="2021-12-23T03:50:58">
    <properties>
[...]
</properties>
    <testcase classname="ed.algebra.MonomioTest" name="sumaMonomios()" time="0.027" />
    <system-out>Suma monomios: 5.2x^2 + 1.2x^2 = 6.4x^2
</system-out>
  </testsuite>
  <testsuite aborted="0" failures="0" id="1" name="PolinomioTest" package="ed.algebra" skipped="0" tests="4" time="0.014" timestamp="2021-12-23T03:50:58">
    <properties>
[...]
</properties>
    <testcase classname="ed.algebra.PolinomioTest" name="multiplicaPolinomios1()" time="0.005" />
    <testcase classname="ed.algebra.PolinomioTest" name="sumaPolinomios2()" time="0.001" />
    <testcase classname="ed.algebra.PolinomioTest" name="multiplicaPolinomios2()" time="0.001" />
    <testcase classname="ed.algebra.PolinomioTest" name="sumaPolinomios1()" time="0.001" />
    <system-out>Multiplicación 1:
1.0 + 2.0x + 3.0x^2 + 4.0x^3
+
5.0x^2 + 6.0x^3 + 7.0x^4 + 8.0x^8 + 9.0x^11
=
5.0x^2 + 16.0x^3 + 34.0x^4 + 52.0x^5 + 45.0x^6 + 28.0x^7 + 8.0x^8 + 16.0x^9 + 24.0x^10 + 41.0x^11 + 18.0x^12 + 27.0x^13 + 36.0x^14
Multiplicación 2:
5.0x -1.0x^2
+
-1.0 + 1.0x
=
-5.0x + 6.0x^2 -1.0x^3
Suma 1:
1.0 + 2.0x + 3.0x^2 + 4.0x^3
+
5.0x^2 + 6.0x^3 + 7.0x^4 + 8.0x^8 + 9.0x^11
=
1.0 + 2.0x + 8.0x^2 + 10.0x^3 + 7.0x^4 + 8.0x^8 + 9.0x^11
Suma 2:
5.0x -1.0x^2
+
-1.0 + 1.0x
=
-1.0 + 6.0x -1.0x^2
</system-out>
  </testsuite>
  <testsuite errors="0" failures="0" hostname="KLVL-WXX9" id="2" name="JUnit Jupiter" package="" skipped="0" tests="5" time="0.064" timestamp="2021-12-22T21:50:58">
    <properties>
[...]
</properties>

    <testcase classname="ed.algebra.PolinomioTest" name="multiplicaPolinomios1()" time="0.004">
      <system-out><![CDATA[
unique-id: [engine:junit-jupiter]/[class:ed.algebra.PolinomioTest]/[method:multiplicaPolinomios1()]
display-name: multiplicaPolinomios1()
]]></system-out>

    </testcase>

    <testcase classname="ed.algebra.PolinomioTest" name="sumaPolinomios2()" time="0">
      <system-out><![CDATA[
unique-id: [engine:junit-jupiter]/[class:ed.algebra.PolinomioTest]/[method:sumaPolinomios2()]
display-name: sumaPolinomios2()
]]></system-out>

    </testcase>

    <testcase classname="ed.algebra.MonomioTest" name="sumaMonomios()" time="0.024">
      <system-out><![CDATA[
unique-id: [engine:junit-jupiter]/[class:ed.algebra.MonomioTest]/[method:sumaMonomios()]
display-name: sumaMonomios()
]]></system-out>

    </testcase>

    <testcase classname="ed.algebra.PolinomioTest" name="multiplicaPolinomios2()" time="0.001">
      <system-out><![CDATA[
unique-id: [engine:junit-jupiter]/[class:ed.algebra.PolinomioTest]/[method:multiplicaPolinomios2()]
display-name: multiplicaPolinomios2()
]]></system-out>

    </testcase>

    <testcase classname="ed.algebra.PolinomioTest" name="sumaPolinomios1()" time="0.001">
      <system-out><![CDATA[
unique-id: [engine:junit-jupiter]/[class:ed.algebra.PolinomioTest]/[method:sumaPolinomios1()]
display-name: sumaPolinomios1()
]]></system-out>

    </testcase>

    <system-out><![CDATA[
unique-id: [engine:junit-jupiter]
display-name: JUnit Jupiter
]]></system-out>

  </testsuite>
  <testsuite errors="0" failures="0" hostname="KLVL-WXX9" id="3" name="JUnit Vintage" package="" skipped="0" tests="0" time="0" timestamp="2021-12-22T21:50:58">
    <properties>
[...]
</properties>

    <system-out><![CDATA[
unique-id: [engine:junit-vintage]
display-name: JUnit Vintage
]]></system-out>

  </testsuite>
</testsuites>
